<?xml version="1.0" encoding="UTF-8"?>
<testng-results ignored="0" total="4" passed="4" failed="0" skipped="0">
  <reporter-output>
  </reporter-output>
  <suite started-at="2022-02-19T11:43:35 IST" name="Suite" finished-at="2022-02-19T11:44:12 IST" duration-ms="37068">
    <groups>
    </groups>
    <test started-at="2022-02-19T11:43:35 IST" name="Test" finished-at="2022-02-19T11:44:12 IST" duration-ms="37068">
      <class name="OpenMrsTestCases.ManageApointPageTest">
        <test-method is-config="true" signature="SetUp()[pri:0, instance:OpenMrsTestCases.ManageApointPageTest@43df23d3]" started-at="2022-02-19T11:43:48 IST" name="SetUp" finished-at="2022-02-19T11:43:52 IST" duration-ms="4320" status="PASS">
          <reporter-output>
          </reporter-output>
        </test-method> <!-- SetUp -->
        <test-method signature="verify()[pri:0, instance:OpenMrsTestCases.ManageApointPageTest@43df23d3]" started-at="2022-02-19T11:43:52 IST" name="verify" finished-at="2022-02-19T11:44:01 IST" duration-ms="8684" status="PASS">
          <reporter-output>
          </reporter-output>
        </test-method> <!-- verify -->
        <test-method is-config="true" signature="teardown()[pri:0, instance:OpenMrsTestCases.ManageApointPageTest@43df23d3]" started-at="2022-02-19T11:44:01 IST" name="teardown" finished-at="2022-02-19T11:44:01 IST" duration-ms="80" status="PASS">
          <reporter-output>
          </reporter-output>
        </test-method> <!-- teardown -->
        <test-method is-config="true" signature="TearDown()[pri:0, instance:OpenMrsTestCases.ManageApointPageTest@43df23d3]" started-at="2022-02-19T11:44:12 IST" name="TearDown" finished-at="1970-01-01T05:30:00 IST" duration-ms="-1645251252764" status="SKIP">
          <reporter-output>
          </reporter-output>
        </test-method> <!-- TearDown -->
      </class> <!-- OpenMrsTestCases.ManageApointPageTest -->
      <class name="OpenMrsTestCases.FindPatientPageTest">
        <test-method is-config="true" signature="SetUp()[pri:0, instance:OpenMrsTestCases.FindPatientPageTest@6d60fe40]" started-at="2022-02-19T11:44:01 IST" name="SetUp" finished-at="2022-02-19T11:44:05 IST" duration-ms="4049" status="PASS">
          <reporter-output>
          </reporter-output>
        </test-method> <!-- SetUp -->
        <test-method signature="verifyingID()[pri:0, instance:OpenMrsTestCases.FindPatientPageTest@6d60fe40]" started-at="2022-02-19T11:44:05 IST" name="verifyingID" finished-at="2022-02-19T11:44:12 IST" duration-ms="6823" status="PASS">
          <reporter-output>
          </reporter-output>
        </test-method> <!-- verifyingID -->
        <test-method is-config="true" signature="teardown()[pri:0, instance:OpenMrsTestCases.FindPatientPageTest@6d60fe40]" started-at="2022-02-19T11:44:12 IST" name="teardown" finished-at="2022-02-19T11:44:12 IST" duration-ms="77" status="PASS">
          <reporter-output>
          </reporter-output>
        </test-method> <!-- teardown -->
        <test-method is-config="true" signature="TearDown()[pri:0, instance:OpenMrsTestCases.FindPatientPageTest@6d60fe40]" started-at="2022-02-19T11:44:12 IST" name="TearDown" finished-at="2022-02-19T11:44:12 IST" duration-ms="111" status="FAIL">
          <exception class="org.openqa.selenium.NoSuchSessionException">
            <message>
              <![CDATA[invalid session id
Build info: version: '3.4.0', revision: 'unknown', time: 'unknown'
System info: host: 'INBL01LAP5867', ip: '192.168.0.110', os.name: 'Windows 10', os.arch: 'amd64', os.version: '10.0', java.version: '17.0.1'
Driver info: org.openqa.selenium.chrome.ChromeDriver
Capabilities [{networkConnectionEnabled=false, chrome={chromedriverVersion=97.0.4692.71 (adefa7837d02a07a604c1e6eff0b3a09422ab88d-refs/branch-heads/4692@{#1247}), userDataDir=C:\Users\BALAKR~1.BV\AppData\Local\Temp\scoped_dir10504_966037963}, timeouts={implicit=0.0, pageLoad=300000.0, script=30000.0}, pageLoadStrategy=normal, unhandledPromptBehavior=dismiss and notify, strictFileInteractability=false, platform=ANY, proxy=Proxy(), goog:chromeOptions={debuggerAddress=localhost:53251}, webauthn:extension:credBlob=true, acceptInsecureCerts=false, browserVersion=98.0.4758.102, browserName=chrome, javascriptEnabled=true, platformName=windows, setWindowRect=true, webauthn:extension:largeBlob=true, webauthn:virtualAuthenticators=true}]
Session ID: a5c06c240512e02e59ddd884e64f47d6]]>
            </message>
            <full-stacktrace>
              <![CDATA[org.openqa.selenium.NoSuchSessionException: invalid session id
Build info: version: '3.4.0', revision: 'unknown', time: 'unknown'
System info: host: 'INBL01LAP5867', ip: '192.168.0.110', os.name: 'Windows 10', os.arch: 'amd64', os.version: '10.0', java.version: '17.0.1'
Driver info: org.openqa.selenium.chrome.ChromeDriver
Capabilities [{networkConnectionEnabled=false, chrome={chromedriverVersion=97.0.4692.71 (adefa7837d02a07a604c1e6eff0b3a09422ab88d-refs/branch-heads/4692@{#1247}), userDataDir=C:\Users\BALAKR~1.BV\AppData\Local\Temp\scoped_dir10504_966037963}, timeouts={implicit=0.0, pageLoad=300000.0, script=30000.0}, pageLoadStrategy=normal, unhandledPromptBehavior=dismiss and notify, strictFileInteractability=false, platform=ANY, proxy=Proxy(), goog:chromeOptions={debuggerAddress=localhost:53251}, webauthn:extension:credBlob=true, acceptInsecureCerts=false, browserVersion=98.0.4758.102, browserName=chrome, javascriptEnabled=true, platformName=windows, setWindowRect=true, webauthn:extension:largeBlob=true, webauthn:virtualAuthenticators=true}]
Session ID: a5c06c240512e02e59ddd884e64f47d6
at java.base/jdk.internal.reflect.NativeConstructorAccessorImpl.newInstance0(Native Method)
at java.base/jdk.internal.reflect.NativeConstructorAccessorImpl.newInstance(NativeConstructorAccessorImpl.java:77)
at java.base/jdk.internal.reflect.DelegatingConstructorAccessorImpl.newInstance(DelegatingConstructorAccessorImpl.java:45)
at java.base/java.lang.reflect.Constructor.newInstanceWithCaller(Constructor.java:499)
at java.base/java.lang.reflect.Constructor.newInstance(Constructor.java:480)
at org.openqa.selenium.remote.http.W3CHttpResponseCodec.createException(W3CHttpResponseCodec.java:150)
at org.openqa.selenium.remote.http.W3CHttpResponseCodec.decode(W3CHttpResponseCodec.java:115)
at org.openqa.selenium.remote.http.W3CHttpResponseCodec.decode(W3CHttpResponseCodec.java:45)
at org.openqa.selenium.remote.HttpCommandExecutor.execute(HttpCommandExecutor.java:164)
at org.openqa.selenium.remote.service.DriverCommandExecutor.execute(DriverCommandExecutor.java:82)
at org.openqa.selenium.remote.RemoteWebDriver.execute(RemoteWebDriver.java:637)
at org.openqa.selenium.remote.RemoteWebDriver.execute(RemoteWebDriver.java:694)
at org.openqa.selenium.remote.RemoteWebDriver$RemoteWebDriverOptions.deleteAllCookies(RemoteWebDriver.java:776)
at BaseClass.BaseClass.teardown(BaseClass.java:38)
at OpenMrsTestCases.FindPatientPageTest.TearDown(FindPatientPageTest.java:40)
at java.base/jdk.internal.reflect.NativeMethodAccessorImpl.invoke0(Native Method)
at java.base/jdk.internal.reflect.NativeMethodAccessorImpl.invoke(NativeMethodAccessorImpl.java:77)
at java.base/jdk.internal.reflect.DelegatingMethodAccessorImpl.invoke(DelegatingMethodAccessorImpl.java:43)
at java.base/java.lang.reflect.Method.invoke(Method.java:568)
at org.testng.internal.MethodInvocationHelper.invokeMethod(MethodInvocationHelper.java:133)
at org.testng.internal.MethodInvocationHelper.invokeMethodConsideringTimeout(MethodInvocationHelper.java:62)
at org.testng.internal.ConfigInvoker.invokeConfigurationMethod(ConfigInvoker.java:385)
at org.testng.internal.ConfigInvoker.invokeConfigurations(ConfigInvoker.java:321)
at org.testng.TestRunner.invokeTestConfigurations(TestRunner.java:637)
at org.testng.TestRunner.afterRun(TestRunner.java:877)
at org.testng.TestRunner.run(TestRunner.java:599)
at org.testng.SuiteRunner.runTest(SuiteRunner.java:377)
at org.testng.SuiteRunner.runSequentially(SuiteRunner.java:371)
at org.testng.SuiteRunner.privateRun(SuiteRunner.java:332)
at org.testng.SuiteRunner.run(SuiteRunner.java:276)
at org.testng.SuiteRunnerWorker.runSuite(SuiteRunnerWorker.java:53)
at org.testng.SuiteRunnerWorker.run(SuiteRunnerWorker.java:96)
at org.testng.TestNG.runSuitesSequentially(TestNG.java:1212)
at org.testng.TestNG.runSuitesLocally(TestNG.java:1134)
at org.testng.TestNG.runSuites(TestNG.java:1063)
at org.testng.TestNG.run(TestNG.java:1031)
at org.testng.remote.AbstractRemoteTestNG.run(AbstractRemoteTestNG.java:115)
at org.testng.remote.RemoteTestNG.initAndRun(RemoteTestNG.java:251)
at org.testng.remote.RemoteTestNG.main(RemoteTestNG.java:77)
]]>
            </full-stacktrace>
          </exception> <!-- org.openqa.selenium.NoSuchSessionException -->
          <reporter-output>
          </reporter-output>
        </test-method> <!-- TearDown -->
      </class> <!-- OpenMrsTestCases.FindPatientPageTest -->
      <class name="OpenMrsTestCases.LoginPageTest">
        <test-method is-config="true" signature="SetUp()[pri:0, instance:OpenMrsTestCases.LoginPageTest@247310d0]" started-at="2022-02-19T11:43:35 IST" name="SetUp" finished-at="2022-02-19T11:43:40 IST" duration-ms="5099" status="PASS">
          <reporter-output>
          </reporter-output>
        </test-method> <!-- SetUp -->
        <test-method signature="validateLoginPage()[pri:0, instance:OpenMrsTestCases.LoginPageTest@247310d0]" started-at="2022-02-19T11:43:40 IST" name="validateLoginPage" finished-at="2022-02-19T11:43:42 IST" duration-ms="1877" status="PASS">
          <reporter-output>
          </reporter-output>
        </test-method> <!-- validateLoginPage -->
        <test-method is-config="true" signature="teardown()[pri:0, instance:OpenMrsTestCases.LoginPageTest@247310d0]" started-at="2022-02-19T11:43:42 IST" name="teardown" finished-at="2022-02-19T11:43:42 IST" duration-ms="105" status="PASS">
          <reporter-output>
          </reporter-output>
        </test-method> <!-- teardown -->
        <test-method is-config="true" signature="TearDown()[pri:0, instance:OpenMrsTestCases.LoginPageTest@247310d0]" started-at="2022-02-19T11:44:12 IST" name="TearDown" finished-at="1970-01-01T05:30:00 IST" duration-ms="-1645251252763" status="SKIP">
          <reporter-output>
          </reporter-output>
        </test-method> <!-- TearDown -->
      </class> <!-- OpenMrsTestCases.LoginPageTest -->
      <class name="OpenMrsTestCases.LoginPageInvalidTest">
        <test-method is-config="true" signature="SetUp()[pri:0, instance:OpenMrsTestCases.LoginPageInvalidTest@359df09a]" started-at="2022-02-19T11:43:42 IST" name="SetUp" finished-at="2022-02-19T11:43:47 IST" duration-ms="4560" status="PASS">
          <reporter-output>
          </reporter-output>
        </test-method> <!-- SetUp -->
        <test-method signature="validateLoginPage()[pri:0, instance:OpenMrsTestCases.LoginPageInvalidTest@359df09a]" started-at="2022-02-19T11:43:47 IST" name="validateLoginPage" finished-at="2022-02-19T11:43:48 IST" duration-ms="1171" status="PASS">
          <reporter-output>
          </reporter-output>
        </test-method> <!-- validateLoginPage -->
        <test-method is-config="true" signature="teardown()[pri:0, instance:OpenMrsTestCases.LoginPageInvalidTest@359df09a]" started-at="2022-02-19T11:43:48 IST" name="teardown" finished-at="2022-02-19T11:43:48 IST" duration-ms="58" status="PASS">
          <reporter-output>
          </reporter-output>
        </test-method> <!-- teardown -->
        <test-method is-config="true" signature="TearDown()[pri:0, instance:OpenMrsTestCases.LoginPageInvalidTest@359df09a]" started-at="2022-02-19T11:44:12 IST" name="TearDown" finished-at="1970-01-01T05:30:00 IST" duration-ms="-1645251252762" status="SKIP">
          <reporter-output>
          </reporter-output>
        </test-method> <!-- TearDown -->
      </class> <!-- OpenMrsTestCases.LoginPageInvalidTest -->
    </test> <!-- Test -->
  </suite> <!-- Suite -->
</testng-results>
